#
# A fatal error has been detected by the Java Runtime Environment:
#
#  Internal Error (javaClasses.cpp:136), pid=1192, tid=4952
#  fatal error: Invalid layout of preloaded class
#
# JRE version:  (7.0_40-b43) (build )
# Java VM: Java HotSpot(TM) Client VM (24.0-b56 mixed mode windows-x86 )
# Failed to write core dump. Minidumps are not enabled by default on client versions of Windows
#
# If you would like to submit a bug report, please visit:
#   http://bugreport.sun.com/bugreport/crash.jsp
#

---------------  T H R E A D  ---------------

Current thread (0x0223c400):  JavaThread "Unknown thread" [_thread_in_vm, id=4952, stack(0x00860000,0x008b0000)]

Stack: [0x00860000,0x008b0000],  sp=0x008afaa8,  free space=318k
Native frames: (J=compiled Java code, j=interpreted, Vv=VM code, C=native code)
V  [jvm.dll+0x18db91]
V  [jvm.dll+0x187936]
V  [jvm.dll+0x3582a]
V  [jvm.dll+0x358b6]
V  [jvm.dll+0x43fdd]
V  [jvm.dll+0x4428e]
V  [jvm.dll+0x923fa]
V  [jvm.dll+0x927ab]
V  [jvm.dll+0x13d761]
V  [jvm.dll+0x16023c]
V  [jvm.dll+0xc8c5f]
C  [javaw.exe+0x13ce]
C  [javaw.exe+0x1e40]
C  [javaw.exe+0xa5b1]
C  [javaw.exe+0xa63b]
C  [kernel32.dll+0x4d2e9]
C  [ntdll.dll+0x41603]
C  [ntdll.dll+0x415d6]


---------------  P R O C E S S  ---------------

Java Threads: ( => current thread )

Other Threads:

=>0x0223c400 (exited) JavaThread "Unknown thread" [_thread_in_vm, id=4952, stack(0x00860000,0x008b0000)]

VM state:not at safepoint (not fully initialized)

VM Mutex/Monitor currently owned by a thread: None

GC Heap History (0 events):
No events

Deoptimization events (0 events):
No events

Internal exceptions (0 events):
No events

Events (10 events):
Event: 0.032 loading class 0x00c8bf38 done
Event: 0.032 loading class 0x00c8b9c8 done
Event: 0.032 loading class 0x00c8b9a8
Event: 0.032 loading class 0x00c92ce0
Event: 0.032 loading class 0x00c92ce0 done
Event: 0.032 loading class 0x00c92d10
Event: 0.032 loading class 0x00c92d10 done
Event: 0.033 loading class 0x00c92d40
Event: 0.033 loading class 0x00c92d40 done
Event: 0.033 loading class 0x00c8b9a8 done


Dynamic libraries:
0x01020000 - 0x0104f000 	C:\Program Files\Java\jre7\bin\javaw.exe
0x77a70000 - 0x77b98000 	C:\Windows\system32\ntdll.dll
0x766f0000 - 0x767cc000 	C:\Windows\system32\kernel32.dll
0x779a0000 - 0x77a66000 	C:\Windows\system32\ADVAPI32.dll
0x776e0000 - 0x777a3000 	C:\Windows\system32\RPCRT4.dll
0x76130000 - 0x761cd000 	C:\Windows\system32\USER32.dll
0x765f0000 - 0x7663b000 	C:\Windows\system32\GDI32.dll
0x74e30000 - 0x74fce000 	C:\Windows\WinSxS\x86_microsoft.windows.common-controls_6595b64144ccf1df_6.0.6002.18305_none_5cb72f2a088b0ed3\COMCTL32.dll
0x76540000 - 0x765ea000 	C:\Windows\system32\msvcrt.dll
0x77be0000 - 0x77c39000 	C:\Windows\system32\SHLWAPI.dll
0x77bb0000 - 0x77bce000 	C:\Windows\system32\IMM32.DLL
0x778d0000 - 0x77998000 	C:\Windows\system32\MSCTF.dll
0x77ba0000 - 0x77ba9000 	C:\Windows\system32\LPK.DLL
0x76360000 - 0x763dd000 	C:\Windows\system32\USP10.dll
0x67720000 - 0x677de000 	C:\Program Files\Java\jre7\bin\msvcr100.dll
0x6c490000 - 0x6c810000 	C:\Program Files\Java\jre7\bin\client\jvm.dll
0x73cb0000 - 0x73cb7000 	C:\Windows\system32\WSOCK32.dll
0x76510000 - 0x7653d000 	C:\Windows\system32\WS2_32.dll
0x77bd0000 - 0x77bd6000 	C:\Windows\system32\NSI.dll
0x74ce0000 - 0x74d12000 	C:\Windows\system32\WINMM.dll
0x767d0000 - 0x76915000 	C:\Windows\system32\ole32.dll
0x77c40000 - 0x77ccd000 	C:\Windows\system32\OLEAUT32.dll
0x74ca0000 - 0x74cde000 	C:\Windows\system32\OLEACC.dll
0x76090000 - 0x76097000 	C:\Windows\system32\PSAPI.DLL
0x747f0000 - 0x747fc000 	C:\Program Files\Java\jre7\bin\verify.dll
0x73e10000 - 0x73e30000 	C:\Program Files\Java\jre7\bin\java.dll
0x73e30000 - 0x73e43000 	C:\Program Files\Java\jre7\bin\zip.dll
0x71630000 - 0x7170c000 	C:\Windows\system32\dbghelp.dll

VM Arguments:
jvm_args: -Dfile.encoding=Cp1252 -Xbootclasspath:E:\adt-bundle-windows-x86-20140624\adt-bundle-windows-x86-20140624\sdk\platforms\android-20\android.jar 
java_command: com.androidassignment.Test
Launcher Type: SUN_STANDARD

Environment Variables:
PATH=C:/Program Files/Java/jre7/bin/client;C:/Program Files/Java/jre7/bin;C:/Program Files/Java/jre7/lib/i386;C:\Program Files\Common Files\Microsoft Shared\Microsoft Online Services;E:\Perl\bin\;C:\Windows\system32;C:\Windows;C:\Windows\System32\Wbem;C:\Windows\System32\WindowsPowerShell\v1.0\;C:\Program Files\Java\jre7\bin;C:\Program Files\Java\jdk1.6.0_38\bin;C:\Program Files\TortoiseSVN\bin;C:\Program Files\TortoiseHg\;C:\Program Files\Common Files\Symbian\tools;C:\Program Files\CSL Arm Toolchain\bin;C:\Program Files\nodejs\;C:\Program Files\cURL\bin;C:\Program Files\cURL\bin;C:\Users\Babu\AppData\Roaming\npm;E:\adt-bundle-windows-x86-20140624\adt-bundle-windows-x86-20140624\eclipse;
USERNAME=E50338-Babu
OS=Windows_NT
PROCESSOR_IDENTIFIER=x86 Family 6 Model 23 Stepping 10, GenuineIntel



---------------  S Y S T E M  ---------------

OS: Windows Vista Build 6002 Service Pack 2

CPU:total 2 (2 cores per cpu, 1 threads per core) family 6 model 23 stepping 10, cmov, cx8, fxsr, mmx, sse, sse2, sse3, ssse3, tsc

Memory: 4k page, physical 3651956k(892412k free), swap 7532972k(3877180k free)

vm_info: Java HotSpot(TM) Client VM (24.0-b56) for windows-x86 JRE (1.7.0_40-b43), built on Aug 26 2013 22:34:40 by "java_re" with unknown MS VC++:1600

time: Thu Sep 04 17:54:23 2014
elapsed time: 0 seconds

